2024-12-31 17:14:01,148 - INFO - Fetching data for ^GSPC from 2015-01-01 to 2023-12-31
2024-12-31 17:14:01,691 - INFO - Adding technical indicators...
2024-12-31 17:14:01,695 - INFO - Technical indicators added successfully.
2024-12-31 17:14:01,697 - INFO - Creating time-series dataset...
2024-12-31 17:14:01,698 - INFO - Time-series dataset created successfully.
2024-12-31 17:14:01,702 - INFO - Building the LSTM model...
2024-12-31 17:14:01,791 - INFO - Model built successfully.
2024-12-31 17:14:01,797 - INFO - Starting model training...
2024-12-31 17:15:03,616 - INFO - Model training completed.
2024-12-31 17:15:03,622 - INFO - Fetching data for ^GSPC from 2024-01-01 to 2024-12-31
2024-12-31 17:15:03,698 - INFO - Adding technical indicators...
2024-12-31 17:15:03,702 - INFO - Technical indicators added successfully.
2024-12-31 17:15:03,704 - INFO - Creating time-series dataset...
2024-12-31 17:15:03,704 - INFO - Time-series dataset created successfully.
2024-12-31 17:15:03,704 - INFO - Starting predictions...
2024-12-31 17:15:04,256 - INFO - Predictions completed.
2024-12-31 17:15:04,257 - INFO - Mean Squared Error: 70128.34749109542
2024-12-31 17:15:04,257 - INFO - Root Mean Squared Error: 264.81757398461195
2024-12-31 17:15:04,257 - INFO - R^2 Score: 0.06812337808810853
2024-12-31 17:15:04,761 - INFO - Plots saved successfully.
