2024-12-31 17:14:01,148 - INFO - Fetching data for ^GSPC from 2015-01-01 to 2023-12-31
2024-12-31 17:14:01,691 - INFO - Adding technical indicators...
2024-12-31 17:14:01,695 - INFO - Technical indicators added successfully.
2024-12-31 17:14:01,697 - INFO - Creating time-series dataset...
2024-12-31 17:14:01,698 - INFO - Time-series dataset created successfully.
2024-12-31 17:14:01,702 - INFO - Building the LSTM model...
2024-12-31 17:14:01,791 - INFO - Model built successfully.
2024-12-31 17:14:01,797 - INFO - Starting model training...
2024-12-31 17:15:03,616 - INFO - Model training completed.
2024-12-31 17:15:03,622 - INFO - Fetching data for ^GSPC from 2024-01-01 to 2024-12-31
2024-12-31 17:15:03,698 - INFO - Adding technical indicators...
2024-12-31 17:15:03,702 - INFO - Technical indicators added successfully.
2024-12-31 17:15:03,704 - INFO - Creating time-series dataset...
2024-12-31 17:15:03,704 - INFO - Time-series dataset created successfully.
2024-12-31 17:15:03,704 - INFO - Starting predictions...
2024-12-31 17:15:04,256 - INFO - Predictions completed.
2024-12-31 17:15:04,257 - INFO - Mean Squared Error: 70128.34749109542
2024-12-31 17:15:04,257 - INFO - Root Mean Squared Error: 264.81757398461195
2024-12-31 17:15:04,257 - INFO - R^2 Score: 0.06812337808810853
2024-12-31 17:15:04,761 - INFO - Plots saved successfully.
2025-01-04 19:34:05,145 - INFO - Fetching data for ^GSPC from 2015-01-01 to 2023-12-31
2025-01-04 19:34:09,929 - INFO - Adding technical indicators...
2025-01-04 19:34:09,935 - INFO - Technical indicators added successfully.
2025-01-04 19:34:09,937 - INFO - Creating time-series dataset...
2025-01-04 19:34:09,938 - INFO - Time-series dataset created successfully.
2025-01-04 19:34:09,941 - INFO - Building the LSTM model...
2025-01-04 19:34:10,031 - INFO - Model built successfully.
2025-01-04 19:34:10,037 - INFO - Starting model training...
2025-01-04 19:35:40,109 - INFO - Model training completed.
2025-01-04 19:35:40,110 - INFO - Fetching data for ^GSPC from 2024-01-01 to 2024-12-31
2025-01-04 19:35:40,286 - INFO - Adding technical indicators...
2025-01-04 19:35:40,291 - INFO - Technical indicators added successfully.
2025-01-04 19:35:40,292 - INFO - Creating time-series dataset...
2025-01-04 19:35:40,292 - INFO - Time-series dataset created successfully.
2025-01-04 19:35:40,292 - INFO - Starting predictions...
2025-01-04 19:35:40,873 - INFO - Predictions completed.
2025-01-04 19:35:40,901 - INFO - Mean Squared Error: 37499.999432943456
2025-01-04 19:35:40,901 - INFO - Root Mean Squared Error: 193.64916584623714
2025-01-04 19:35:40,903 - INFO - R^2 Score: 0.5016940503595013
2025-01-04 19:35:42,154 - INFO - Plots saved successfully.
2025-01-04 20:03:27,820 - INFO - Fetching data for ^GSPC from 2015-01-01 to 2023-12-31
2025-01-04 20:03:28,360 - INFO - Adding technical indicators...
2025-01-04 20:03:28,365 - INFO - Technical indicators added successfully.
2025-01-04 20:03:28,367 - INFO - Creating time-series dataset...
2025-01-04 20:03:28,368 - INFO - Time-series dataset created successfully.
2025-01-04 20:03:28,372 - INFO - Building the LSTM model...
2025-01-04 20:03:28,477 - INFO - Model built successfully.
2025-01-04 20:03:28,485 - INFO - Starting model training...
2025-01-04 20:04:27,708 - INFO - Model training completed.
2025-01-04 20:04:27,709 - INFO - Fetching data for ^GSPC from 2024-01-01 to 2024-12-31
2025-01-04 20:04:27,794 - INFO - Adding technical indicators...
2025-01-04 20:04:27,799 - INFO - Technical indicators added successfully.
2025-01-04 20:04:27,800 - INFO - Creating time-series dataset...
2025-01-04 20:04:27,800 - INFO - Time-series dataset created successfully.
2025-01-04 20:04:27,800 - INFO - Starting predictions...
2025-01-04 20:04:28,320 - INFO - Predictions completed.
2025-01-04 20:04:28,322 - INFO - Mean Squared Error: 57029.4433721023
2025-01-04 20:04:28,322 - INFO - Root Mean Squared Error: 238.80838212278542
2025-01-04 20:04:28,322 - INFO - R^2 Score: 0.24218369688722197
2025-01-04 20:04:28,845 - INFO - Plots saved successfully.
2025-01-04 20:36:22,438 - INFO - Fetching data for ^GSPC from 2020-01-01 to 2025-01-04
2025-01-04 20:36:22,854 - INFO - Adding technical indicators...
2025-01-04 20:36:22,858 - INFO - Technical indicators added successfully.
2025-01-04 20:36:22,860 - INFO - Creating time-series dataset...
2025-01-04 20:36:22,860 - INFO - Time-series dataset created successfully.
2025-01-04 20:36:22,862 - INFO - Building the LSTM model...
2025-01-04 20:36:22,952 - INFO - Model built successfully.
2025-01-04 20:36:22,957 - INFO - Starting model training...
2025-01-04 20:36:58,323 - INFO - Model training completed.
2025-01-04 20:36:58,323 - INFO - Fetching data for ^GSPC from 2024-01-01 to 2024-12-31
2025-01-04 20:36:58,403 - INFO - Adding technical indicators...
2025-01-04 20:36:58,407 - INFO - Technical indicators added successfully.
2025-01-04 20:36:58,408 - INFO - Creating time-series dataset...
2025-01-04 20:36:58,408 - INFO - Time-series dataset created successfully.
2025-01-04 20:36:58,408 - INFO - Starting predictions...
2025-01-04 20:36:58,929 - INFO - Predictions completed.
2025-01-04 20:36:58,931 - INFO - Mean Squared Error: 10906.27147775704
2025-01-04 20:36:58,932 - INFO - Root Mean Squared Error: 104.43309570130074
2025-01-04 20:36:58,932 - INFO - R^2 Score: 0.8550757320549051
2025-01-04 20:36:59,427 - INFO - Plots saved successfully.
